<?xml version="1.0" encoding="UTF-8"?>
<!-- Generated by org.testng.reporters.JUnitReportReporter -->
<testsuite hostname="win764bit" name="argroupid.arartifactid.NewPost" tests="1" failures="1" timestamp="6 Aug 2014 09:08:31 GMT" time="9.705" errors="0">
  <testcase name="newpostcreate" time="9.705" classname="argroupid.arartifactid.NewPost">
    <failure type="org.openqa.selenium.NoSuchWindowException" message="Window not found. The browser window may have been closed.
Command duration or timeout: 25 milliseconds
Build info: version: &#039;2.42.2&#039;, revision: &#039;6a6995d31c7c56c340d6f45a76976d43506cd6cc&#039;, time: &#039;2014-06-03 10:52:47&#039;
System info: host: &#039;win764bit&#039;, ip: &#039;10.88.213.25&#039;, os.name: &#039;Windows 7&#039;, os.arch: &#039;amd64&#039;, os.version: &#039;6.1&#039;, java.version: &#039;1.7.0_01&#039;
Session ID: e501e7eb-5b66-4848-a228-1626b1466677
Driver info: org.openqa.selenium.firefox.FirefoxDriver
Capabilities [{platform=XP, acceptSslCerts=true, javascriptEnabled=true, browserName=firefox, rotatable=false, locationContextEnabled=true, version=31.0, cssSelectorsEnabled=true, databaseEnabled=true, handlesAlerts=true, nativeEvents=false, webStorageEnabled=true, applicationCacheEnabled=true, takesScreenshot=true}]">
      <![CDATA[org.openqa.selenium.NoSuchWindowException: Window not found. The browser window may have been closed.
Command duration or timeout: 25 milliseconds
Build info: version: '2.42.2', revision: '6a6995d31c7c56c340d6f45a76976d43506cd6cc', time: '2014-06-03 10:52:47'
System info: host: 'win764bit', ip: '10.88.213.25', os.name: 'Windows 7', os.arch: 'amd64', os.version: '6.1', java.version: '1.7.0_01'
Session ID: e501e7eb-5b66-4848-a228-1626b1466677
Driver info: org.openqa.selenium.firefox.FirefoxDriver
Capabilities [{platform=XP, acceptSslCerts=true, javascriptEnabled=true, browserName=firefox, rotatable=false, locationContextEnabled=true, version=31.0, cssSelectorsEnabled=true, databaseEnabled=true, handlesAlerts=true, nativeEvents=false, webStorageEnabled=true, applicationCacheEnabled=true, takesScreenshot=true}]
	at sun.reflect.NativeConstructorAccessorImpl.newInstance0(Native Method)
	at sun.reflect.NativeConstructorAccessorImpl.newInstance(Unknown Source)
	at sun.reflect.DelegatingConstructorAccessorImpl.newInstance(Unknown Source)
	at java.lang.reflect.Constructor.newInstance(Unknown Source)
	at org.openqa.selenium.remote.ErrorHandler.createThrowable(ErrorHandler.java:204)
	at org.openqa.selenium.remote.ErrorHandler.throwIfResponseFailed(ErrorHandler.java:156)
	at org.openqa.selenium.remote.RemoteWebDriver.execute(RemoteWebDriver.java:599)
	at org.openqa.selenium.remote.RemoteWebDriver.findElement(RemoteWebDriver.java:352)
	at org.openqa.selenium.remote.RemoteWebDriver.findElementByCssSelector(RemoteWebDriver.java:441)
	at org.openqa.selenium.By$ByCssSelector.findElement(By.java:425)
	at org.openqa.selenium.remote.RemoteWebDriver.findElement(RemoteWebDriver.java:344)
	at org.openqa.selenium.support.pagefactory.DefaultElementLocator.findElement(DefaultElementLocator.java:59)
	at org.openqa.selenium.support.pagefactory.internal.LocatingElementHandler.invoke(LocatingElementHandler.java:34)
	at $Proxy10.click(Unknown Source)
	at argroupid.arartifactid.Home.gotomySitesPage(Home.java:21)
	at argroupid.arartifactid.NewPost.newpostcreate(NewPost.java:43)
	at sun.reflect.NativeMethodAccessorImpl.invoke0(Native Method)
	at sun.reflect.NativeMethodAccessorImpl.invoke(Unknown Source)
	at sun.reflect.DelegatingMethodAccessorImpl.invoke(Unknown Source)
	at java.lang.reflect.Method.invoke(Unknown Source)
	at org.testng.internal.MethodInvocationHelper.invokeMethod(MethodInvocationHelper.java:84)
	at org.testng.internal.Invoker.invokeMethod(Invoker.java:714)
	at org.testng.internal.Invoker.invokeTestMethod(Invoker.java:901)
	at org.testng.internal.Invoker.invokeTestMethods(Invoker.java:1231)
	at org.testng.internal.TestMethodWorker.invokeTestMethods(TestMethodWorker.java:127)
	at org.testng.internal.TestMethodWorker.run(TestMethodWorker.java:111)
	at org.testng.TestRunner.privateRun(TestRunner.java:767)
	at org.testng.TestRunner.run(TestRunner.java:617)
	at org.testng.SuiteRunner.runTest(SuiteRunner.java:334)
	at org.testng.SuiteRunner.runSequentially(SuiteRunner.java:329)
	at org.testng.SuiteRunner.privateRun(SuiteRunner.java:291)
	at org.testng.SuiteRunner.run(SuiteRunner.java:240)
	at org.testng.SuiteRunnerWorker.runSuite(SuiteRunnerWorker.java:52)
	at org.testng.SuiteRunnerWorker.run(SuiteRunnerWorker.java:86)
	at org.testng.TestNG.runSuitesSequentially(TestNG.java:1224)
	at org.testng.TestNG.runSuitesLocally(TestNG.java:1149)
	at org.testng.TestNG.run(TestNG.java:1057)
	at org.testng.remote.RemoteTestNG.run(RemoteTestNG.java:111)
	at org.testng.remote.RemoteTestNG.initAndRun(RemoteTestNG.java:204)
	at org.testng.remote.RemoteTestNG.main(RemoteTestNG.java:175)
Caused by: org.openqa.selenium.remote.ErrorHandler$UnknownServerException: Window not found. The browser window may have been closed.
Build info: version: '2.42.2', revision: '6a6995d31c7c56c340d6f45a76976d43506cd6cc', time: '2014-06-03 10:52:47'
System info: host: 'win764bit', ip: '10.88.213.25', os.name: 'Windows 7', os.arch: 'amd64', os.version: '6.1', java.version: '1.7.0_01'
Driver info: driver.version: unknown
	at <anonymous class>.nsCommandProcessor.prototype.execute(file:///C:/Users/ADMINI~1/AppData/Local/Temp/anonymous3017209953246586145webdriver-profile/extensions/fxdriver@googlecode.com/components/command_processor.js:11525:11)
	at <anonymous class>.Dispatcher.executeAs/<(file:///C:/Users/ADMINI~1/AppData/Local/Temp/anonymous3017209953246586145webdriver-profile/extensions/fxdriver@googlecode.com/components/driver_component.js:8287:5)
	at <anonymous class>.Resource.prototype.handle(file:///C:/Users/ADMINI~1/AppData/Local/Temp/anonymous3017209953246586145webdriver-profile/extensions/fxdriver@googlecode.com/components/driver_component.js:8433:194)
	at <anonymous class>.Dispatcher.prototype.dispatch(file:///C:/Users/ADMINI~1/AppData/Local/Temp/anonymous3017209953246586145webdriver-profile/extensions/fxdriver@googlecode.com/components/driver_component.js:8380:36)
	at <anonymous class>.WebDriverServer/<.handle(file:///C:/Users/ADMINI~1/AppData/Local/Temp/anonymous3017209953246586145webdriver-profile/extensions/fxdriver@googlecode.com/components/driver_component.js:11310:5)
	at <anonymous class>.createHandlerFunc/<(file:///C:/Users/ADMINI~1/AppData/Local/Temp/anonymous3017209953246586145webdriver-profile/extensions/fxdriver@googlecode.com/components/httpd.js:1935:41)
	at <anonymous class>.ServerHandler.prototype.handleResponse(file:///C:/Users/ADMINI~1/AppData/Local/Temp/anonymous3017209953246586145webdriver-profile/extensions/fxdriver@googlecode.com/components/httpd.js:2261:15)
	at <anonymous class>.Connection.prototype.process(file:///C:/Users/ADMINI~1/AppData/Local/Temp/anonymous3017209953246586145webdriver-profile/extensions/fxdriver@googlecode.com/components/httpd.js:1168:5)
	at <anonymous class>.RequestReader.prototype._handleResponse(file:///C:/Users/ADMINI~1/AppData/Local/Temp/anonymous3017209953246586145webdriver-profile/extensions/fxdriver@googlecode.com/components/httpd.js:1616:5)
	at <anonymous class>.RequestReader.prototype._processBody(file:///C:/Users/ADMINI~1/AppData/Local/Temp/anonymous3017209953246586145webdriver-profile/extensions/fxdriver@googlecode.com/components/httpd.js:1464:9)
	at <anonymous class>.RequestReader.prototype.onInputStreamReady(file:///C:/Users/ADMINI~1/AppData/Local/Temp/anonymous3017209953246586145webdriver-profile/extensions/fxdriver@googlecode.com/components/httpd.js:1333:9)
]]>
    </failure>
  </testcase> <!-- newpostcreate -->
</testsuite> <!-- argroupid.arartifactid.NewPost -->
